Arguments: 
  /home/abduljebar/.nvm/versions/node/v20.12.0/bin/node /home/abduljebar/.yarn/bin/yarn.js install

PATH: 
  /home/abduljebar/.yarn/bin:/home/abduljebar/.config/yarn/global/node_modules/.bin:/usr/lib/jvm/java-17-openjdk-amd64/bin:/home/abduljebar/.nvm/versions/node/v20.12.0/bin:/home/abduljebar/flutter/bin:/home/abduljebar/development/flutter/bin:/home/abduljebar/.local/share/solana/install/active_release/bin:/home/abduljebar/.cargo/bin:/usr/local/sbin:/usr/local/bin:/usr/sbin:/usr/bin:/sbin:/bin:/usr/games:/usr/local/games:/snap/bin:/snap/bin:/home/abduljebar/android/cmdline-tools/tools/bin

Yarn version: 
  1.22.19

Node version: 
  20.12.0

Platform: 
  linux x64

Trace: 
  Error: https://registry.yarnpkg.com/@prisma%2fclient: ETIMEDOUT
      at Timeout._onTimeout (/home/abduljebar/.yarn/lib/cli.js:141550:19)
      at listOnTimeout (node:internal/timers:573:17)
      at process.processTimers (node:internal/timers:514:7)

npm manifest: 
  {
    "name": "tech-academy-be",
    "version": "1.0.0",
    "description": "",
    "main": "index.js",
    "scripts": {
      "build": "npx tsc",
      "start": "node dist/src/index.js",
      "dev": "concurrently \"npx tsc --watch\" \"nodemon -q dist/src/index.js\""
    },
    "keywords": [],
    "author": "",
    "license": "ISC",
    "dependencies": {
      "@prisma/client": "^5.15.0",
      "@types/cors": "^2.8.17",
      "bcrypt": "^5.1.1",
      "concurrently": "^8.2.2",
      "cors": "^2.8.5",
      "dotenv": "^16.4.5",
      "express": "^4.19.2",
      "jsonwebtoken": "^9.0.2",
      "morgan": "^1.10.0",
      "nodemon": "^3.1.3",
      "resend": "^4.0.0",
      "ts-node": "^10.9.2",
      "typescript": "^5.4.5",
      "zod": "^3.23.8"
    },
    "devDependencies": {
      "@types/bcrypt": "^5.0.2",
      "@types/express": "^4.17.21",
      "@types/jsonwebtoken": "^9.0.6",
      "@types/morgan": "^1.9.9"
    }
  }

yarn manifest: 
  No manifest

Lockfile: 
  No lockfile
